<?xml version="1.0" encoding="UTF-8"?>
<!-- Generated by org.testng.reporters.JUnitXMLReporter -->
<testsuite ignored="0" hostname="Rk" failures="0" tests="3" name="Test" time="33.716" errors="0" timestamp="2022-12-12T14:31:50 IST">
  <testcase classname="com.qa.testscripts.TC_Smartphone_001" name="searchproducts" time="4.583"/>
  <testcase classname="com.qa.testscripts.TC_Smartphone_001" name="searchproducts" time="3.808"/>
  <testcase classname="com.qa.testscripts.TC_Smartphone_001" name="searchproducts" time="4.269"/>
</testsuite> <!-- Test -->
