<?xml version="1.0" encoding="UTF-8"?>
<testng-results ignored="0" total="3" passed="3" failed="0" skipped="0">
  <reporter-output>
  </reporter-output>
  <suite started-at="2022-12-12T14:31:16 IST" name="Suite" finished-at="2022-12-12T14:31:50 IST" duration-ms="33716">
    <groups>
    </groups>
    <test started-at="2022-12-12T14:31:16 IST" name="Test" finished-at="2022-12-12T14:31:50 IST" duration-ms="33716">
      <class name="com.qa.testscripts.TC_Smartphone_001">
        <test-method is-config="true" signature="Setup(java.lang.String,java.lang.String)[pri:0, instance:com.qa.testscripts.TC_Smartphone_001@243c4f91]" started-at="2022-12-12T14:31:16 IST" name="Setup" finished-at="2022-12-12T14:31:32 IST" duration-ms="15322" status="PASS">
          <params>
            <param index="0">
              <value>
                <![CDATA[Chrome]]>
              </value>
            </param>
            <param index="1">
              <value>
                <![CDATA[https://www.amazon.in/]]>
              </value>
            </param>
          </params>
          <reporter-output>
          </reporter-output>
        </test-method> <!-- Setup -->
        <test-method signature="searchproducts(java.lang.String,java.lang.String)[pri:0, instance:com.qa.testscripts.TC_Smartphone_001@243c4f91]" started-at="2022-12-12T14:31:34 IST" name="searchproducts" data-provider="Data" finished-at="2022-12-12T14:31:38 IST" duration-ms="4583" status="PASS">
          <params>
            <param index="0">
              <value>
                <![CDATA[Electronics]]>
              </value>
            </param>
            <param index="1">
              <value>
                <![CDATA[Smartphone under 25000]]>
              </value>
            </param>
          </params>
          <reporter-output>
          </reporter-output>
        </test-method> <!-- searchproducts -->
        <test-method signature="searchproducts(java.lang.String,java.lang.String)[pri:0, instance:com.qa.testscripts.TC_Smartphone_001@243c4f91]" started-at="2022-12-12T14:31:38 IST" name="searchproducts" data-provider="Data" finished-at="2022-12-12T14:31:42 IST" duration-ms="3808" status="PASS">
          <params>
            <param index="0">
              <value>
                <![CDATA[Electronics]]>
              </value>
            </param>
            <param index="1">
              <value>
                <![CDATA[Television]]>
              </value>
            </param>
          </params>
          <reporter-output>
          </reporter-output>
        </test-method> <!-- searchproducts -->
        <test-method signature="searchproducts(java.lang.String,java.lang.String)[pri:0, instance:com.qa.testscripts.TC_Smartphone_001@243c4f91]" started-at="2022-12-12T14:31:42 IST" name="searchproducts" data-provider="Data" finished-at="2022-12-12T14:31:46 IST" duration-ms="4269" status="PASS">
          <params>
            <param index="0">
              <value>
                <![CDATA[Electronics]]>
              </value>
            </param>
            <param index="1">
              <value>
                <![CDATA[Ac]]>
              </value>
            </param>
          </params>
          <reporter-output>
          </reporter-output>
        </test-method> <!-- searchproducts -->
        <test-method is-config="true" signature="setdown()[pri:0, instance:com.qa.testscripts.TC_Smartphone_001@243c4f91]" started-at="2022-12-12T14:31:46 IST" name="setdown" finished-at="2022-12-12T14:31:50 IST" duration-ms="3658" status="PASS">
          <reporter-output>
          </reporter-output>
        </test-method> <!-- setdown -->
      </class> <!-- com.qa.testscripts.TC_Smartphone_001 -->
    </test> <!-- Test -->
  </suite> <!-- Suite -->
</testng-results>
